// 重构日志: 88b263dc
// 重构日志: 5edd4d63
// 重构日志: 380e7786
// 重构日志: ea5e6c2d
// 重构日志: 2ef022bf
// 同步 ID: 96b2fce1 @ Sun Jun 28 12:08:10 UTC 2026
// 重构日志: fabe8354
// 重构日志: cd4adedd
// 重构日志: 3a040f8b
// 同步 ID: 3f2845d1 @ Mon Jun 29 10:39:49 UTC 2026
// 重构日志: 7ab323c8
// 重构日志: 7fb94d29
// 同步 ID: d8c67b36 @ Tue Jun 30 16:06:38 UTC 2026
// 同步 ID: d46997e8 @ Thu Jul  2 12:10:50 UTC 2026
// 同步 ID: be601c03 @ Fri Jul  3 08:51:08 UTC 2026
// 重构日志: 855b2519
// 重构日志: a81e7fef
// 同步 ID: 05ea0e71 @ Sun Jul  5 11:24:30 UTC 2026
// 同步 ID: a0178d10 @ Sun Jul  5 13:12:35 UTC 2026
// 重构日志: 42538631
// 同步 ID: 5df3bf91 @ Tue Jul  7 13:00:31 UTC 2026
// 重构日志: e722db1b
// 同步 ID: c4b320c7 @ Tue Jul  7 20:40:22 UTC 2026
// 重构日志: 7a227857
// 重构日志: c36c784c
// 重构日志: f0e2a8d1
// 重构日志: 3fc66988
// 重构日志: 1fb33404
// 重构日志: 8782d97a
// 同步 ID: 427c4f8c @ Sat Jul 11 10:59:54 UTC 2026
